{
  "chunk_id": "chunk-failed-001",
  "chunk_seq": 0,
  "events": [
    {
      "id": "evt-f001",
      "seq": 0,
      "ts_client_s": 1696450000.0,
      "ts_server_s": 1696450000.0,
      "type": "rationale_note",
      "structured": {
        "plan": "User reports authentication failing intermittently",
        "hypothesis": "Probably a typo or simple logic error",
        "next_step": "Run the tests to see what fails"
      }
    },
    {
      "id": "evt-f002",
      "seq": 1,
      "ts_client_s": 1696450010.0,
      "ts_server_s": 1696450010.0,
      "type": "cmd_run",
      "cmd": "pytest tests/test_auth.py -v",
      "cwd": "/workspace",
      "exit_code": 1,
      "env_redacted": false
    },
    {
      "id": "evt-f003",
      "seq": 2,
      "ts_client_s": 1696450020.0,
      "ts_server_s": 1696450020.0,
      "type": "test_run",
      "framework": "pytest",
      "selection": "tests/test_auth.py",
      "num_passed": 3,
      "num_failed": 2,
      "failed_tests": ["test_token_expiration", "test_refresh_token"]
    },
    {
      "id": "evt-f004",
      "seq": 3,
      "ts_client_s": 1696450030.0,
      "ts_server_s": 1696450030.0,
      "type": "rationale_note",
      "structured": {
        "observation": "Two tests failing related to token expiration",
        "hypothesis": "Maybe the expiration time calculation is wrong",
        "next_step": "Look at the token expiration code"
      }
    },
    {
      "id": "evt-f005",
      "seq": 4,
      "ts_client_s": 1696450040.0,
      "ts_server_s": 1696450040.0,
      "type": "cmd_run",
      "cmd": "grep -n \"expir\" auth/token.py",
      "cwd": "/workspace",
      "exit_code": 0,
      "env_redacted": false
    }
  ],
  "artifacts": {
    "stdout_evt_f002": {
      "type": "stdout",
      "event_id": "evt-f002",
      "content": "============================= test session starts ==============================\ntests/test_auth.py::test_login PASSED                                    [ 20%]\ntests/test_auth.py::test_logout PASSED                                   [ 40%]\ntests/test_auth.py::test_invalid_credentials PASSED                      [ 60%]\ntests/test_auth.py::test_token_expiration FAILED                         [ 80%]\ntests/test_auth.py::test_refresh_token FAILED                            [100%]\n\n=================================== FAILURES ===================================\n__________________________ test_token_expiration ___________________________\n\nExpected token to expire after 3600 seconds, but still valid after 7200 seconds\n\n__________________________ test_refresh_token ______________________________\n\nRefreshToken.is_expired() returned False when it should be True"
    },
    "stdout_evt_f005": {
      "type": "stdout",
      "event_id": "evt-f005",
      "content": "45:    expiration_time = now + timedelta(hours=1)\n67:    def is_expired(self):\n68:        return datetime.now() < self.expiration_time"
    }
  }
}

